[Wed Nov 23 2016 21:14:31 GMT-0600 (CST)] INFO Logged in as chatops of CernerDev
[Wed Nov 23 2016 21:14:31 GMT-0600 (CST)] INFO Slack client now connected
[Wed Nov 23 2016 21:14:32 GMT-0600 (CST)] INFO hubot-redis-brain: Using default redis on localhost:6379
{
    "_class": "org.jenkinsci.plugins.workflow.job.WorkflowRun",
    "actions": [
        {
            "_class": "hudson.model.CauseAction",
            "causes": [
                {
                    "_class": "hudson.model.Cause$UserIdCause",
                    "shortDescription": "Started by user anonymous",
                    "userId": null,
                    "userName": "anonymous"
                }
            ]
        },
        {
            "_class": "jenkins.metrics.impl.TimeInQueueAction"
        },
        {},
        {
            "_class": "hudson.plugins.git.util.BuildData",
            "buildsByBranchName": {
                "refs/remotes/origin/master": {
                    "_class": "hudson.plugins.git.util.Build",
                    "buildNumber": 11,
                    "buildResult": null,
                    "marked": {
                        "SHA1": "38805f4dd89dac37ebc28e931062fe2143c6b3be",
                        "branch": [
                            {
                                "SHA1": "38805f4dd89dac37ebc28e931062fe2143c6b3be",
                                "name": "refs/remotes/origin/master"
                            }
                        ]
                    },
                    "revision": {
                        "SHA1": "38805f4dd89dac37ebc28e931062fe2143c6b3be",
                        "branch": [
                            {
                                "SHA1": "38805f4dd89dac37ebc28e931062fe2143c6b3be",
                                "name": "refs/remotes/origin/master"
                            }
                        ]
                    }
                }
            },
            "lastBuiltRevision": {
                "SHA1": "38805f4dd89dac37ebc28e931062fe2143c6b3be",
                "branch": [
                    {
                        "SHA1": "38805f4dd89dac37ebc28e931062fe2143c6b3be",
                        "name": "refs/remotes/origin/master"
                    }
                ]
            },
            "remoteUrls": [
                "https://github.cerner.com/NR031563/jenkins-pipeline-library.git"
            ],
            "scmName": ""
        },
        {
            "_class": "hudson.plugins.git.GitTagAction"
        },
        {},
        {},
        {},
        {},
        {
            "_class": "org.jenkinsci.plugins.workflow.job.views.FlowGraphAction"
        },
        {},
        {}
    ],
    "artifacts": [],
    "building": false,
    "description": null,
    "displayName": "#11",
    "duration": 28223,
    "estimatedDuration": 41611,
    "executor": null,
    "fullDisplayName": "input-pipeline #11",
    "id": "11",
    "keepLog": false,
    "number": 11,
    "queueId": 16,
    "result": "SUCCESS",
    "timestamp": 1479956519307,
    "url": "http://localhost:9090/job/input-pipeline/11/",
    "changeSets": [],
    "nextBuild": null,
    "previousBuild": {
        "number": 10,
        "url": "http://localhost:9090/job/input-pipeline/10/"
    }
}
./run-local.sh: line 6: 85567 Killed: 9               ./bin/hubot
